[2025-08-14 08:38:59Z INFO HostContext] No proxy settings were found based on environmental variables (http_proxy/https_proxy/HTTP_PROXY/HTTPS_PROXY)
[2025-08-14 08:38:59Z INFO HostContext] Well known directory 'Bin': 'C:\Users\IanWongZhiYin\wso2mi\Projects\HelloWorldService\actions-runner\bin'
[2025-08-14 08:38:59Z INFO HostContext] Well known directory 'Root': 'C:\Users\IanWongZhiYin\wso2mi\Projects\HelloWorldService\actions-runner'
[2025-08-14 08:38:59Z INFO HostContext] Well known config file 'Credentials': 'C:\Users\IanWongZhiYin\wso2mi\Projects\HelloWorldService\actions-runner\.credentials'
[2025-08-14 08:38:59Z INFO HostContext] Well known directory 'Bin': 'C:\Users\IanWongZhiYin\wso2mi\Projects\HelloWorldService\actions-runner\bin'
[2025-08-14 08:38:59Z INFO HostContext] Well known directory 'Root': 'C:\Users\IanWongZhiYin\wso2mi\Projects\HelloWorldService\actions-runner'
[2025-08-14 08:38:59Z INFO HostContext] Well known config file 'Runner': 'C:\Users\IanWongZhiYin\wso2mi\Projects\HelloWorldService\actions-runner\.runner'
[2025-08-14 08:38:59Z INFO Listener] Runner is built for Windows (X64) - win-x64.
[2025-08-14 08:38:59Z INFO Listener] RuntimeInformation: Microsoft Windows 10.0.26100.
[2025-08-14 08:38:59Z INFO Listener] Version: 2.327.1
[2025-08-14 08:38:59Z INFO Listener] Commit: 9513afd82fbc900d13362cdd4fcdab0538f5124e
[2025-08-14 08:38:59Z INFO Listener] Culture: en-MY
[2025-08-14 08:38:59Z INFO Listener] UI Culture: en-US
[2025-08-14 08:38:59Z INFO HostContext] Well known directory 'Bin': 'C:\Users\IanWongZhiYin\wso2mi\Projects\HelloWorldService\actions-runner\bin'
[2025-08-14 08:38:59Z INFO HostContext] Well known directory 'Root': 'C:\Users\IanWongZhiYin\wso2mi\Projects\HelloWorldService\actions-runner'
[2025-08-14 08:38:59Z INFO Listener] Validating directory permissions for: 'C:\Users\IanWongZhiYin\wso2mi\Projects\HelloWorldService\actions-runner'
[2025-08-14 08:38:59Z INFO CommandLineParser] Parse
[2025-08-14 08:38:59Z INFO CommandLineParser] Parsing 5 args
[2025-08-14 08:38:59Z INFO CommandLineParser] parsing argument
[2025-08-14 08:38:59Z INFO CommandLineParser] HasArgs: False
[2025-08-14 08:38:59Z INFO CommandLineParser] Adding Command: configure
[2025-08-14 08:38:59Z INFO CommandLineParser] parsing argument
[2025-08-14 08:38:59Z INFO CommandLineParser] HasArgs: True
[2025-08-14 08:38:59Z INFO CommandLineParser] arg: url
[2025-08-14 08:38:59Z INFO CommandLineParser] parsing argument
[2025-08-14 08:38:59Z INFO CommandLineParser] HasArgs: True
[2025-08-14 08:38:59Z INFO CommandLineParser] Adding option 'url': 'https://github.com/B2000513/cicd-tutorial'
[2025-08-14 08:38:59Z INFO CommandLineParser] parsing argument
[2025-08-14 08:38:59Z INFO CommandLineParser] HasArgs: True
[2025-08-14 08:38:59Z INFO CommandLineParser] arg: token
[2025-08-14 08:38:59Z INFO CommandLineParser] parsing argument
[2025-08-14 08:38:59Z INFO CommandLineParser] HasArgs: True
[2025-08-14 08:38:59Z INFO CommandLineParser] Adding option 'token': '***'
[2025-08-14 08:38:59Z INFO Listener] Arguments parsed
[2025-08-14 08:38:59Z INFO Runner] ExecuteCommand
[2025-08-14 08:38:59Z INFO ConfigurationStore] currentAssemblyLocation: C:\Users\IanWongZhiYin\wso2mi\Projects\HelloWorldService\actions-runner\bin\Runner.Listener.dll
[2025-08-14 08:38:59Z INFO HostContext] Well known directory 'Bin': 'C:\Users\IanWongZhiYin\wso2mi\Projects\HelloWorldService\actions-runner\bin'
[2025-08-14 08:38:59Z INFO ConfigurationStore] binPath: C:\Users\IanWongZhiYin\wso2mi\Projects\HelloWorldService\actions-runner\bin
[2025-08-14 08:38:59Z INFO HostContext] Well known directory 'Bin': 'C:\Users\IanWongZhiYin\wso2mi\Projects\HelloWorldService\actions-runner\bin'
[2025-08-14 08:38:59Z INFO HostContext] Well known directory 'Root': 'C:\Users\IanWongZhiYin\wso2mi\Projects\HelloWorldService\actions-runner'
[2025-08-14 08:38:59Z INFO ConfigurationStore] RootFolder: C:\Users\IanWongZhiYin\wso2mi\Projects\HelloWorldService\actions-runner
[2025-08-14 08:38:59Z INFO HostContext] Well known directory 'Bin': 'C:\Users\IanWongZhiYin\wso2mi\Projects\HelloWorldService\actions-runner\bin'
[2025-08-14 08:38:59Z INFO HostContext] Well known directory 'Root': 'C:\Users\IanWongZhiYin\wso2mi\Projects\HelloWorldService\actions-runner'
[2025-08-14 08:38:59Z INFO HostContext] Well known config file 'Runner': 'C:\Users\IanWongZhiYin\wso2mi\Projects\HelloWorldService\actions-runner\.runner'
[2025-08-14 08:38:59Z INFO ConfigurationStore] ConfigFilePath: C:\Users\IanWongZhiYin\wso2mi\Projects\HelloWorldService\actions-runner\.runner
[2025-08-14 08:38:59Z INFO HostContext] Well known directory 'Bin': 'C:\Users\IanWongZhiYin\wso2mi\Projects\HelloWorldService\actions-runner\bin'
[2025-08-14 08:38:59Z INFO HostContext] Well known directory 'Root': 'C:\Users\IanWongZhiYin\wso2mi\Projects\HelloWorldService\actions-runner'
[2025-08-14 08:38:59Z INFO HostContext] Well known config file 'MigratedRunner': 'C:\Users\IanWongZhiYin\wso2mi\Projects\HelloWorldService\actions-runner\.runner_migrated'
[2025-08-14 08:38:59Z INFO ConfigurationStore] MigratedConfigFilePath: C:\Users\IanWongZhiYin\wso2mi\Projects\HelloWorldService\actions-runner\.runner_migrated
[2025-08-14 08:38:59Z INFO HostContext] Well known directory 'Bin': 'C:\Users\IanWongZhiYin\wso2mi\Projects\HelloWorldService\actions-runner\bin'
[2025-08-14 08:38:59Z INFO HostContext] Well known directory 'Root': 'C:\Users\IanWongZhiYin\wso2mi\Projects\HelloWorldService\actions-runner'
[2025-08-14 08:38:59Z INFO HostContext] Well known config file 'Credentials': 'C:\Users\IanWongZhiYin\wso2mi\Projects\HelloWorldService\actions-runner\.credentials'
[2025-08-14 08:38:59Z INFO ConfigurationStore] CredFilePath: C:\Users\IanWongZhiYin\wso2mi\Projects\HelloWorldService\actions-runner\.credentials
[2025-08-14 08:38:59Z INFO HostContext] Well known directory 'Bin': 'C:\Users\IanWongZhiYin\wso2mi\Projects\HelloWorldService\actions-runner\bin'
[2025-08-14 08:38:59Z INFO HostContext] Well known directory 'Root': 'C:\Users\IanWongZhiYin\wso2mi\Projects\HelloWorldService\actions-runner'
[2025-08-14 08:38:59Z INFO HostContext] Well known config file 'MigratedCredentials': 'C:\Users\IanWongZhiYin\wso2mi\Projects\HelloWorldService\actions-runner\.credentials_migrated'
[2025-08-14 08:38:59Z INFO ConfigurationStore] MigratedCredFilePath: C:\Users\IanWongZhiYin\wso2mi\Projects\HelloWorldService\actions-runner\.credentials_migrated
[2025-08-14 08:38:59Z INFO HostContext] Well known directory 'Bin': 'C:\Users\IanWongZhiYin\wso2mi\Projects\HelloWorldService\actions-runner\bin'
[2025-08-14 08:38:59Z INFO HostContext] Well known directory 'Root': 'C:\Users\IanWongZhiYin\wso2mi\Projects\HelloWorldService\actions-runner'
[2025-08-14 08:38:59Z INFO HostContext] Well known config file 'Service': 'C:\Users\IanWongZhiYin\wso2mi\Projects\HelloWorldService\actions-runner\.service'
[2025-08-14 08:38:59Z INFO ConfigurationStore] ServiceConfigFilePath: C:\Users\IanWongZhiYin\wso2mi\Projects\HelloWorldService\actions-runner\.service
[2025-08-14 08:38:59Z INFO CommandSettings] Flag 'help': 'False'
[2025-08-14 08:38:59Z INFO CommandSettings] Flag 'version': 'False'
[2025-08-14 08:38:59Z INFO CommandSettings] Flag 'commit': 'False'
[2025-08-14 08:38:59Z INFO CommandSettings] Flag 'check': 'False'
[2025-08-14 08:38:59Z INFO CommandSettings] Command 'configure': 'True'
[2025-08-14 08:38:59Z INFO Terminal] WRITE LINE: 
[2025-08-14 08:38:59Z INFO Terminal] WRITE LINE: --------------------------------------------------------------------------------
[2025-08-14 08:38:59Z INFO Terminal] WRITE LINE: |        ____ _ _   _   _       _          _        _   _                      |
[2025-08-14 08:38:59Z INFO Terminal] WRITE LINE: |       / ___(_) |_| | | |_   _| |__      / \   ___| |_(_) ___  _ __  ___      |
[2025-08-14 08:38:59Z INFO Terminal] WRITE LINE: |      | |  _| | __| |_| | | | | '_ \    / _ \ / __| __| |/ _ \| '_ \/ __|     |
[2025-08-14 08:38:59Z INFO Terminal] WRITE LINE: |      | |_| | | |_|  _  | |_| | |_) |  / ___ \ (__| |_| | (_) | | | \__ \     |
[2025-08-14 08:38:59Z INFO Terminal] WRITE LINE: |       \____|_|\__|_| |_|\__,_|_.__/  /_/   \_\___|\__|_|\___/|_| |_|___/     |
[2025-08-14 08:38:59Z INFO Terminal] WRITE LINE: |                                                                              |
[2025-08-14 08:38:59Z INFO Terminal] WRITE: |                       
[2025-08-14 08:38:59Z INFO Terminal] WRITE: Self-hosted runner registration
[2025-08-14 08:38:59Z INFO Terminal] WRITE LINE:                         |
[2025-08-14 08:38:59Z INFO Terminal] WRITE LINE: |                                                                              |
[2025-08-14 08:38:59Z INFO Terminal] WRITE LINE: --------------------------------------------------------------------------------
[2025-08-14 08:38:59Z INFO ConfigurationManager] ConfigureAsync
[2025-08-14 08:38:59Z INFO CommandSettings] Flag 'generateServiceConfig': 'False'
[2025-08-14 08:38:59Z INFO ConfigurationStore] IsConfigured()
[2025-08-14 08:38:59Z INFO ConfigurationStore] IsConfigured: False
[2025-08-14 08:38:59Z INFO ConfigurationManager] Is configured: False
[2025-08-14 08:38:59Z INFO CommandSettings] Arg 'url': 'https://github.com/B2000513/cicd-tutorial'
[2025-08-14 08:38:59Z INFO CommandSettings] Remove url from Arg dictionary.
[2025-08-14 08:38:59Z INFO CommandSettings] Arg 'token': '***'
[2025-08-14 08:38:59Z INFO CommandSettings] Remove token from Arg dictionary.
[2025-08-14 08:39:00Z INFO ConfigurationManager] Http response code: OK from 'POST https://api.github.com/actions/runner-registration' (C64E:124EF4:44B55E:4FC4E4:689DA0A7)
[2025-08-14 08:39:00Z INFO ConfigurationManager] Using V2 flow: False
[2025-08-14 08:39:00Z INFO ConfigurationManager] cred retrieved via GitHub auth
[2025-08-14 08:39:00Z INFO RunnerServer] EstablishVssConnection
[2025-08-14 08:39:00Z INFO RunnerServer] Establish connection with 100 seconds timeout.
[2025-08-14 08:39:00Z INFO GitHubActionsService] Starting operation Location.GetConnectionData
[2025-08-14 08:39:00Z INFO RunnerServer] EstablishVssConnection
[2025-08-14 08:39:00Z INFO RunnerServer] Establish connection with 60 seconds timeout.
[2025-08-14 08:39:00Z INFO GitHubActionsService] Starting operation Location.GetConnectionData
[2025-08-14 08:39:00Z INFO RunnerServer] EstablishVssConnection
[2025-08-14 08:39:00Z INFO RunnerServer] Establish connection with 60 seconds timeout.
[2025-08-14 08:39:00Z INFO GitHubActionsService] Starting operation Location.GetConnectionData
[2025-08-14 08:39:03Z INFO GitHubActionsService] Finished operation Location.GetConnectionData
[2025-08-14 08:39:03Z INFO GitHubActionsService] Finished operation Location.GetConnectionData
[2025-08-14 08:39:03Z INFO GitHubActionsService] Finished operation Location.GetConnectionData
[2025-08-14 08:39:03Z INFO Terminal] WRITE LINE: 
[2025-08-14 08:39:03Z INFO ConfigurationManager] Test Connection complete.
[2025-08-14 08:39:03Z INFO HostContext] Well known directory 'Bin': 'C:\Users\IanWongZhiYin\wso2mi\Projects\HelloWorldService\actions-runner\bin'
[2025-08-14 08:39:03Z INFO HostContext] Well known directory 'Root': 'C:\Users\IanWongZhiYin\wso2mi\Projects\HelloWorldService\actions-runner'
[2025-08-14 08:39:03Z INFO HostContext] Well known config file 'RSACredentials': 'C:\Users\IanWongZhiYin\wso2mi\Projects\HelloWorldService\actions-runner\.credentials_rsaparams'
[2025-08-14 08:39:03Z INFO RSAEncryptedFileKeyManager] Creating new RSA key using 2048-bit key length
[2025-08-14 08:39:03Z INFO RSAEncryptedFileKeyManager] Successfully saved RSA key parameters to file C:\Users\IanWongZhiYin\wso2mi\Projects\HelloWorldService\actions-runner\.credentials_rsaparams
[2025-08-14 08:39:03Z INFO CommandSettings] Arg 'runnergroup': ''
[2025-08-14 08:39:03Z INFO CommandSettings] Flag 'unattended': 'False'
[2025-08-14 08:39:03Z INFO PromptManager] ReadValue
[2025-08-14 08:39:03Z INFO Terminal] WRITE: Enter the name of the runner group to add this runner to: 
[2025-08-14 08:39:03Z INFO Terminal] WRITE: [press Enter for Default] 
[2025-08-14 08:39:03Z INFO Terminal] READ LINE
[2025-08-14 08:39:16Z INFO Terminal] Read value: ''
[2025-08-14 08:39:16Z INFO PromptManager] Falling back to the default: 'Default'
[2025-08-14 08:39:16Z INFO Terminal] WRITE LINE: 
[2025-08-14 08:39:16Z INFO ConfigurationManager] Found a self-hosted runner group with id 1 and name Default
[2025-08-14 08:39:16Z INFO CommandSettings] Flag 'disableupdate': 'False'
[2025-08-14 08:39:16Z INFO CommandSettings] Flag 'ephemeral': 'False'
[2025-08-14 08:39:16Z INFO CommandSettings] Arg 'name': ''
[2025-08-14 08:39:16Z INFO CommandSettings] Flag 'unattended': 'False'
[2025-08-14 08:39:16Z INFO PromptManager] ReadValue
[2025-08-14 08:39:16Z INFO Terminal] WRITE: Enter the name of runner: 
[2025-08-14 08:39:16Z INFO Terminal] WRITE: [press Enter for DESKTOP-MC9PFP7] 
[2025-08-14 08:39:16Z INFO Terminal] READ LINE
[2025-08-14 08:39:24Z INFO Terminal] Read value: 'test'
[2025-08-14 08:39:24Z INFO Terminal] WRITE LINE: 
[2025-08-14 08:39:24Z INFO CommandSettings] Arg 'labels': ''
[2025-08-14 08:39:24Z INFO CommandSettings] Flag 'unattended': 'False'
[2025-08-14 08:39:24Z INFO PromptManager] ReadValue
[2025-08-14 08:39:24Z INFO Terminal] WRITE: This runner will have the following labels: 'self-hosted', 'Windows', 'X64' 
Enter any additional labels (ex. label-1,label-2): 
[2025-08-14 08:39:24Z INFO Terminal] WRITE: [press Enter to skip] 
[2025-08-14 08:39:24Z INFO Terminal] READ LINE
[2025-08-14 08:39:34Z INFO Terminal] Read value: ''
[2025-08-14 08:39:34Z INFO Terminal] WRITE LINE: 
[2025-08-14 08:39:34Z INFO CommandSettings] Flag 'disableupdate': 'False'
[2025-08-14 08:39:34Z INFO CommandSettings] Flag 'no-default-labels': 'False'
[2025-08-14 08:39:35Z INFO CommandSettings] Flag 'disableupdate': 'False'
[2025-08-14 08:39:35Z INFO CommandSettings] Flag 'ephemeral': 'False'
[2025-08-14 08:39:35Z INFO ConfigurationStore] Saving OAuth credential @ C:\Users\IanWongZhiYin\wso2mi\Projects\HelloWorldService\actions-runner\.credentials
[2025-08-14 08:39:35Z INFO ConfigurationStore] Credentials Saved.
[2025-08-14 08:39:35Z INFO ConfigurationStore] HasCredentials()
[2025-08-14 08:39:35Z INFO ConfigurationStore] stored True
[2025-08-14 08:39:35Z INFO CredentialManager] GetCredentialProvider
[2025-08-14 08:39:35Z INFO CredentialManager] Creating type OAuth
[2025-08-14 08:39:35Z INFO CredentialManager] Creating credential type: OAuth
[2025-08-14 08:39:35Z INFO RSAEncryptedFileKeyManager] Loading RSA key parameters from file C:\Users\IanWongZhiYin\wso2mi\Projects\HelloWorldService\actions-runner\.credentials_rsaparams
[2025-08-14 08:39:35Z INFO RunnerServer] EstablishVssConnection
[2025-08-14 08:39:35Z INFO RunnerServer] Establish connection with 100 seconds timeout.
[2025-08-14 08:39:35Z INFO GitHubActionsService] Starting operation Location.GetConnectionData
[2025-08-14 08:39:35Z INFO RunnerServer] EstablishVssConnection
[2025-08-14 08:39:35Z INFO RunnerServer] Establish connection with 60 seconds timeout.
[2025-08-14 08:39:35Z INFO GitHubActionsService] Starting operation Location.GetConnectionData
[2025-08-14 08:39:35Z INFO RunnerServer] EstablishVssConnection
[2025-08-14 08:39:35Z INFO RunnerServer] Establish connection with 60 seconds timeout.
[2025-08-14 08:39:35Z INFO GitHubActionsService] Starting operation Location.GetConnectionData
[2025-08-14 08:39:36Z INFO GitHubActionsService] Finished operation Location.GetConnectionData
[2025-08-14 08:39:36Z INFO GitHubActionsService] Finished operation Location.GetConnectionData
[2025-08-14 08:39:36Z INFO GitHubActionsService] Finished operation Location.GetConnectionData
[2025-08-14 08:39:36Z INFO RSAEncryptedFileKeyManager] Loading RSA key parameters from file C:\Users\IanWongZhiYin\wso2mi\Projects\HelloWorldService\actions-runner\.credentials_rsaparams
[2025-08-14 08:39:36Z INFO RSAEncryptedFileKeyManager] Loading RSA key parameters from file C:\Users\IanWongZhiYin\wso2mi\Projects\HelloWorldService\actions-runner\.credentials_rsaparams
[2025-08-14 08:39:38Z INFO GitHubActionsService] AAD Correlation ID for this token request: Unknown
[2025-08-14 08:39:38Z INFO ConfigurationManager] Service enforced serverUrlV2: https://broker.actions.githubusercontent.com/
[2025-08-14 08:39:38Z INFO ConfigurationManager] Service enforced useV2Flow: True
[2025-08-14 08:39:38Z INFO CommandSettings] Arg 'work': ''
[2025-08-14 08:39:38Z INFO CommandSettings] Flag 'unattended': 'False'
[2025-08-14 08:39:38Z INFO PromptManager] ReadValue
[2025-08-14 08:39:38Z INFO Terminal] WRITE: Enter name of work folder: 
[2025-08-14 08:39:38Z INFO Terminal] WRITE: [press Enter for _work] 
[2025-08-14 08:39:38Z INFO Terminal] READ LINE
[2025-08-14 08:39:48Z INFO Terminal] Read value: ''
[2025-08-14 08:39:48Z INFO PromptManager] Falling back to the default: '_work'
[2025-08-14 08:39:48Z INFO ConfigurationStore] Saving runner settings.
[2025-08-14 08:39:48Z INFO ConfigurationStore] Settings Saved.
[2025-08-14 08:39:48Z INFO Terminal] WRITE LINE: 
[2025-08-14 08:39:48Z INFO Terminal] WRITE LINE: 
[2025-08-14 08:39:48Z INFO CommandSettings] Flag 'runasservice': 'False'
[2025-08-14 08:39:48Z INFO CommandSettings] Flag 'unattended': 'False'
[2025-08-14 08:39:48Z INFO PromptManager] ReadValue
[2025-08-14 08:39:48Z INFO Terminal] WRITE: Would you like to run the runner as service? (Y/N) 
[2025-08-14 08:39:48Z INFO Terminal] WRITE: [press Enter for N] 
[2025-08-14 08:39:48Z INFO Terminal] READ LINE
[2025-08-14 08:39:50Z INFO Terminal] Read value: 'y'
[2025-08-14 08:39:50Z INFO ConfigurationManager] Configuring to run the agent as service
[2025-08-14 08:39:50Z ERR  WindowsServiceControlManager] Needs Administrator privileges for configure runner as windows service.
[2025-08-14 08:39:50Z ERR  Runner] System.Security.SecurityException: Needs Administrator privileges for configuring runner as windows service.
   at GitHub.Runner.Listener.Configuration.WindowsServiceControlManager.ConfigureService(RunnerSettings settings, CommandSettings command)
   at GitHub.Runner.Listener.Configuration.ConfigurationManager.ConfigureAsync(CommandSettings command)
   at GitHub.Runner.Listener.Runner.ExecuteCommand(CommandSettings command)
[2025-08-14 08:39:50Z ERR  Terminal] WRITE ERROR: Needs Administrator privileges for configuring runner as windows service.
[2025-08-14 08:39:50Z INFO Listener] Runner execution has finished with return code 1
